\BOOKMARK [1][-]{section.1}{L\366sungsidee}{}% 1
\BOOKMARK [2][-]{subsection.1.1}{Definitionen}{section.1}% 2
\BOOKMARK [2][-]{subsection.1.2}{Graph}{section.1}% 3
\BOOKMARK [3][-]{subsubsection.1.2.1}{BFS}{subsection.1.2}% 4
\BOOKMARK [3][-]{subsubsection.1.2.2}{Schleifen in Knoten}{subsection.1.2}% 5
\BOOKMARK [2][-]{subsection.1.3}{Backtracking}{section.1}% 6
\BOOKMARK [2][-]{subsection.1.4}{Laufzeit}{section.1}% 7
\BOOKMARK [2][-]{subsection.1.5}{Klassifizierung des Problems}{section.1}% 8
\BOOKMARK [2][-]{subsection.1.6}{Generierung von Spielsituationen}{section.1}% 9
\BOOKMARK [2][-]{subsection.1.7}{Erweiterungen}{section.1}% 10
\BOOKMARK [1][-]{section.2}{Umsetzung}{}% 11
\BOOKMARK [2][-]{subsection.2.1}{Die Klasse Graph}{section.2}% 12
\BOOKMARK [2][-]{subsection.2.2}{Die Klasse Backtracking}{section.2}% 13
\BOOKMARK [2][-]{subsection.2.3}{Die Klasse Generator}{section.2}% 14
\BOOKMARK [1][-]{section.3}{Beispiele}{}% 15
\BOOKMARK [2][-]{subsection.3.1}{Beispiel 0 \(BWINF\)}{section.3}% 16
\BOOKMARK [2][-]{subsection.3.2}{Beispiel 1 \(BWINF\)}{section.3}% 17
\BOOKMARK [2][-]{subsection.3.3}{Beispiel 2 \(BWINF\)}{section.3}% 18
\BOOKMARK [2][-]{subsection.3.4}{Beispiel 3 \(BWINF\)}{section.3}% 19
\BOOKMARK [2][-]{subsection.3.5}{Beispiel 4 \(BWINF\)}{section.3}% 20
\BOOKMARK [2][-]{subsection.3.6}{Beispiel 5 \(BWINF\)}{section.3}% 21
\BOOKMARK [2][-]{subsection.3.7}{Beispiel 6}{section.3}% 22
\BOOKMARK [2][-]{subsection.3.8}{Beispiel 7}{section.3}% 23
\BOOKMARK [1][-]{section.4}{Quellcode}{}% 24
